0 info it worked if it ends with ok
1 verbose cli [ '/usr/bin/node', '/usr/bin/npm', 'install', '-g', 'http-proxy' ]
2 info using npm@1.4.28
3 info using node@v0.10.33
4 verbose node symlink /usr/bin/node
5 verbose cache add [ 'http-proxy', null ]
6 verbose cache add name=undefined spec="http-proxy" args=["http-proxy",null]
7 verbose parsed url { protocol: null,
7 verbose parsed url   slashes: null,
7 verbose parsed url   auth: null,
7 verbose parsed url   host: null,
7 verbose parsed url   port: null,
7 verbose parsed url   hostname: null,
7 verbose parsed url   hash: null,
7 verbose parsed url   search: null,
7 verbose parsed url   query: null,
7 verbose parsed url   pathname: 'http-proxy',
7 verbose parsed url   path: 'http-proxy',
7 verbose parsed url   href: 'http-proxy' }
8 silly lockFile 4f393ca6-http-proxy http-proxy
9 verbose lock http-proxy /home/nitin/.npm/4f393ca6-http-proxy.lock
10 silly lockFile 4f393ca6-http-proxy http-proxy
11 silly lockFile 4f393ca6-http-proxy http-proxy
12 verbose addNamed [ 'http-proxy', '' ]
13 verbose addNamed [ null, '*' ]
14 silly lockFile d4c17bc7-http-proxy http-proxy@
15 verbose lock http-proxy@ /home/nitin/.npm/d4c17bc7-http-proxy.lock
16 silly addNameRange { name: 'http-proxy', range: '*', hasData: false }
17 verbose request where is /http-proxy
18 verbose request registry https://registry.npmjs.org/
19 verbose request id 6dfe283254df34c9
20 verbose url raw /http-proxy
21 verbose url resolving [ 'https://registry.npmjs.org/', './http-proxy' ]
22 verbose url resolved https://registry.npmjs.org/http-proxy
23 verbose request where is https://registry.npmjs.org/http-proxy
24 info trying registry request attempt 1 at 23:15:16
25 http GET https://registry.npmjs.org/http-proxy
26 http 200 https://registry.npmjs.org/http-proxy
27 silly registry.get cb [ 200,
27 silly registry.get   { date: 'Thu, 26 Mar 2015 03:15:18 GMT',
27 silly registry.get     server: 'CouchDB/1.5.0 (Erlang OTP/R16B03)',
27 silly registry.get     etag: '"14B3C96VB7G1NJCTXU8RKB6KM"',
27 silly registry.get     'content-type': 'application/json',
27 silly registry.get     'cache-control': 'max-age=60',
27 silly registry.get     'content-length': '106799',
27 silly registry.get     'accept-ranges': 'bytes',
27 silly registry.get     via: '1.1 varnish',
27 silly registry.get     age: '0',
27 silly registry.get     'x-served-by': 'cache-dfw1823-DFW',
27 silly registry.get     'x-cache': 'HIT',
27 silly registry.get     'x-cache-hits': '1',
27 silly registry.get     'x-timer': 'S1427339718.031728,VS0,VE65',
27 silly registry.get     vary: 'Accept',
27 silly registry.get     'keep-alive': 'timeout=10, max=50',
27 silly registry.get     connection: 'Keep-Alive' } ]
28 silly addNameRange number 2 { name: 'http-proxy', range: '*', hasData: true }
29 silly addNameRange versions [ 'http-proxy',
29 silly addNameRange   [ '0.5.9',
29 silly addNameRange     '0.5.10',
29 silly addNameRange     '0.5.11',
29 silly addNameRange     '0.6.0',
29 silly addNameRange     '0.6.1',
29 silly addNameRange     '0.6.2',
29 silly addNameRange     '0.6.4',
29 silly addNameRange     '0.6.5',
29 silly addNameRange     '0.6.6',
29 silly addNameRange     '0.7.0',
29 silly addNameRange     '0.7.2',
29 silly addNameRange     '0.7.3',
29 silly addNameRange     '0.7.4',
29 silly addNameRange     '0.7.5',
29 silly addNameRange     '0.7.6',
29 silly addNameRange     '0.8.0',
29 silly addNameRange     '0.8.1',
29 silly addNameRange     '0.8.2',
29 silly addNameRange     '0.8.3',
29 silly addNameRange     '0.8.4',
29 silly addNameRange     '0.8.5',
29 silly addNameRange     '0.8.6',
29 silly addNameRange     '0.8.7',
29 silly addNameRange     '0.9.0',
29 silly addNameRange     '0.9.1',
29 silly addNameRange     '0.10.0',
29 silly addNameRange     '0.10.1',
29 silly addNameRange     '0.10.2',
29 silly addNameRange     '0.10.3',
29 silly addNameRange     '0.10.4',
29 silly addNameRange     '1.0.0',
29 silly addNameRange     '1.0.1',
29 silly addNameRange     '1.0.2',
29 silly addNameRange     '1.0.3',
29 silly addNameRange     '1.1.0',
29 silly addNameRange     '1.1.1',
29 silly addNameRange     '1.1.2',
29 silly addNameRange     '1.1.3',
29 silly addNameRange     '1.1.4',
29 silly addNameRange     '1.1.5',
29 silly addNameRange     '1.1.6',
29 silly addNameRange     '1.2.0',
29 silly addNameRange     '1.2.1',
29 silly addNameRange     '1.3.0',
29 silly addNameRange     '1.4.0',
29 silly addNameRange     '1.4.1',
29 silly addNameRange     '1.4.2',
29 silly addNameRange     '1.4.3',
29 silly addNameRange     '1.5.0',
29 silly addNameRange     '1.5.1',
29 silly addNameRange     '1.5.2',
29 silly addNameRange     '1.5.3',
29 silly addNameRange     '1.6.0',
29 silly addNameRange     '1.6.1',
29 silly addNameRange     '1.6.2',
29 silly addNameRange     '1.7.0',
29 silly addNameRange     '1.7.1',
29 silly addNameRange     '1.7.2',
29 silly addNameRange     '1.7.3',
29 silly addNameRange     '1.8.0',
29 silly addNameRange     '1.8.1',
29 silly addNameRange     '1.9.0' ] ]
30 verbose addNamed [ 'http-proxy', '1.9.0' ]
31 verbose addNamed [ '1.9.0', '1.9.0' ]
32 silly lockFile c4cfc94d-http-proxy-1-9-0 http-proxy@1.9.0
33 verbose lock http-proxy@1.9.0 /home/nitin/.npm/c4cfc94d-http-proxy-1-9-0.lock
34 silly lockFile efab554b--http-proxy-http-proxy-1-9-0-tgz https://registry.npmjs.org/http-proxy/-/http-proxy-1.9.0.tgz
35 verbose lock https://registry.npmjs.org/http-proxy/-/http-proxy-1.9.0.tgz /home/nitin/.npm/efab554b--http-proxy-http-proxy-1-9-0-tgz.lock
36 verbose addRemoteTarball [ 'https://registry.npmjs.org/http-proxy/-/http-proxy-1.9.0.tgz',
36 verbose addRemoteTarball   'adbb99b55027e15e802ef32737d2de3b88ef52a6' ]
37 info retry fetch attempt 1 at 23:15:18
38 verbose fetch to= /tmp/npm-28367-QzxhCVJd/registry.npmjs.org/http-proxy/-/http-proxy-1.9.0.tgz
39 http GET https://registry.npmjs.org/http-proxy/-/http-proxy-1.9.0.tgz
40 http 200 https://registry.npmjs.org/http-proxy/-/http-proxy-1.9.0.tgz
41 silly lockFile efab554b--http-proxy-http-proxy-1-9-0-tgz https://registry.npmjs.org/http-proxy/-/http-proxy-1.9.0.tgz
42 silly lockFile efab554b--http-proxy-http-proxy-1-9-0-tgz https://registry.npmjs.org/http-proxy/-/http-proxy-1.9.0.tgz
43 silly lockFile c4cfc94d-http-proxy-1-9-0 http-proxy@1.9.0
44 silly lockFile c4cfc94d-http-proxy-1-9-0 http-proxy@1.9.0
45 silly lockFile d4c17bc7-http-proxy http-proxy@
46 silly lockFile d4c17bc7-http-proxy http-proxy@
47 silly resolved [ { name: 'http-proxy',
47 silly resolved     version: '1.9.0',
47 silly resolved     repository:
47 silly resolved      { type: 'git',
47 silly resolved        url: 'https://github.com/nodejitsu/node-http-proxy.git' },
47 silly resolved     description: 'HTTP proxying for the masses',
47 silly resolved     author: { name: 'Nodejitsu Inc.', email: 'info@nodejitsu.com' },
47 silly resolved     maintainers: [ [Object], [Object], [Object], [Object] ],
47 silly resolved     main: 'index.js',
47 silly resolved     dependencies: { eventemitter3: '0.x.x', 'requires-port': '0.x.x' },
47 silly resolved     devDependencies:
47 silly resolved      { mocha: '*',
47 silly resolved        'expect.js': '*',
47 silly resolved        dox: '*',
47 silly resolved        coveralls: '*',
47 silly resolved        'mocha-lcov-reporter': '*',
47 silly resolved        blanket: '*',
47 silly resolved        ws: '~0.5.0',
47 silly resolved        'socket.io': '*',
47 silly resolved        'socket.io-client': '*',
47 silly resolved        async: '*' },
47 silly resolved     scripts:
47 silly resolved      { coveralls: 'mocha --require blanket --reporter mocha-lcov-reporter | ./node_modules/coveralls/bin/coveralls.js',
47 silly resolved        test: 'mocha -R landing test/*-test.js',
47 silly resolved        'test-cov': 'mocha --require blanket -R html-cov > cov/coverage.html' },
47 silly resolved     engines: { node: '>=0.10.0' },
47 silly resolved     license: 'MIT',
47 silly resolved     gitHead: '87a92a72802a27f817fcba87382d55831fd04ddb',
47 silly resolved     bugs: { url: 'https://github.com/nodejitsu/node-http-proxy/issues' },
47 silly resolved     homepage: 'https://github.com/nodejitsu/node-http-proxy',
47 silly resolved     _id: 'http-proxy@1.9.0',
47 silly resolved     _shasum: 'adbb99b55027e15e802ef32737d2de3b88ef52a6',
47 silly resolved     _from: 'http-proxy@',
47 silly resolved     _npmVersion: '2.1.7',
47 silly resolved     _nodeVersion: '0.10.36',
47 silly resolved     _npmUser: { name: 'jcrugzz', email: 'jcrugzz@gmail.com' },
47 silly resolved     dist:
47 silly resolved      { shasum: 'adbb99b55027e15e802ef32737d2de3b88ef52a6',
47 silly resolved        tarball: 'http://registry.npmjs.org/http-proxy/-/http-proxy-1.9.0.tgz' },
47 silly resolved     directories: {},
47 silly resolved     _resolved: 'https://registry.npmjs.org/http-proxy/-/http-proxy-1.9.0.tgz' } ]
48 info install http-proxy@1.9.0 into /usr/lib
49 info installOne http-proxy@1.9.0
50 verbose lib/node_modules/http-proxy unbuild
51 verbose tar unpack /home/nitin/.npm/http-proxy/1.9.0/package.tgz
52 silly lockFile 8d6ad271--usr-lib-node-modules-http-proxy tar:///usr/lib/node_modules/http-proxy
53 verbose lock tar:///usr/lib/node_modules/http-proxy /home/nitin/.npm/8d6ad271--usr-lib-node-modules-http-proxy.lock
54 silly lockFile 89cb7fd0-npm-http-proxy-1-9-0-package-tgz tar:///home/nitin/.npm/http-proxy/1.9.0/package.tgz
55 verbose lock tar:///home/nitin/.npm/http-proxy/1.9.0/package.tgz /home/nitin/.npm/89cb7fd0-npm-http-proxy-1-9-0-package-tgz.lock
56 silly gunzTarPerm modes [ '775', '664' ]
57 error Error: EACCES, mkdir '/usr/lib/node_modules/http-proxy'
57 error  { [Error: EACCES, mkdir '/usr/lib/node_modules/http-proxy']
57 error   errno: 3,
57 error   code: 'EACCES',
57 error   path: '/usr/lib/node_modules/http-proxy',
57 error   fstream_type: 'Directory',
57 error   fstream_path: '/usr/lib/node_modules/http-proxy',
57 error   fstream_class: 'DirWriter',
57 error   fstream_stack:
57 error    [ '/usr/lib/node_modules/npm/node_modules/fstream/lib/dir-writer.js:36:23',
57 error      '/usr/lib/node_modules/npm/node_modules/mkdirp/index.js:46:53',
57 error      'Object.oncomplete (fs.js:107:15)' ] }
58 error Please try running this command again as root/Administrator.
59 error System Linux 3.13.0-36-generic
60 error command "/usr/bin/node" "/usr/bin/npm" "install" "-g" "http-proxy"
61 error cwd /home/nitin/Desktop/hw3/Queues
62 error node -v v0.10.33
63 error npm -v 1.4.28
64 error path /usr/lib/node_modules/http-proxy
65 error fstream_path /usr/lib/node_modules/http-proxy
66 error fstream_type Directory
67 error fstream_class DirWriter
68 error code EACCES
69 error errno 3
70 error stack Error: EACCES, mkdir '/usr/lib/node_modules/http-proxy'
71 error fstream_stack /usr/lib/node_modules/npm/node_modules/fstream/lib/dir-writer.js:36:23
71 error fstream_stack /usr/lib/node_modules/npm/node_modules/mkdirp/index.js:46:53
71 error fstream_stack Object.oncomplete (fs.js:107:15)
72 verbose exit [ 3, true ]
